<?xml version="1.0" encoding="UTF-8"?>
<testsuite xmlns:xsi="http://www.w3.org/2001/XMLSchema-instance" xsi:noNamespaceSchemaLocation="https://maven.apache.org/surefire/maven-surefire-plugin/xsd/surefire-test-report.xsd" name="PalindromeCheckerTest" time="0.505" tests="10" errors="0" skipped="0" failures="0">
  <properties>
[...]
</properties>
  <testcase name="baseTest1" classname="PalindromeCheckerTest" time="0.198"/>
  <testcase name="baseTest2" classname="PalindromeCheckerTest" time="0.015"/>
  <testcase name="baseTest3" classname="PalindromeCheckerTest" time="0.009"/>
  <testcase name="baseTest4" classname="PalindromeCheckerTest" time="0.01"/>
  <testcase name="baseTest5" classname="PalindromeCheckerTest" time="0.003"/>
  <testcase name="baseTest6" classname="PalindromeCheckerTest" time="0.033"/>
  <testcase name="baseTest7" classname="PalindromeCheckerTest" time="0.001"/>
  <testcase name="baseTest8" classname="PalindromeCheckerTest" time="0.035"/>
  <testcase name="baseTest9" classname="PalindromeCheckerTest" time="0.005"/>
  <testcase name="baseTest" classname="PalindromeCheckerTest" time="0.026"/>
</testsuite>